<?xml version="1.0" encoding="UTF-8"?>
<testsuite name="ProvarDX_TestProject/tests" tests="1" failures="0" skipped="0" hostname="ibm-adhinavjha" time="114.111" timestamp="Fri Sep 30 02:02:56 IST 2022">
	<properties>
		<property name="excludeCallableTestCases" value="true"/>
		<property name="testEnvironment" value=""/>
		<property name="pluginOutputLevel" value="WARNING"/>
		<property name="projectPath" value="C:/Users/abhinav.jha/Documents/ProvarDX_WorkSpace/ProvarDX_TestProject"/>
		<property name="salesforceMetadataCache" value="Reuse"/>
		<property name="resultsPathDisposition" value="Increment"/>
		<property name="testOutputLevel" value="INFO"/>
		<property name="webBrowserType" value="Chrome"/>
		<property name="resultsPath" value="../ANT/Results"/>
		<property name="webBrowserConfiguration" value="Full Screen"/>
		<property name="projectCachePath" value="C:\Users\abhinav.jha\Documents\ProvarDX_WorkSpace\ProvarDX_TestProject\ANT\..\..\.provarCaches"/>
	</properties>
	<testcase classname="tests/Test Case 1.testcase" name="Test Case 1.testcase" time="108.959">
	</testcase>
</testsuite>
